android/app/build/intermediates/manifest_merge_blame_file/release/manifest-merger-blame-release-report.txt
1<?xml version="1.0" encoding="utf-8"?>
2<manifest xmlns:android="http://schemas.android.com/apk/res/android"
3    package="com.openended.keep_product"
4    android:versionCode="5"
5    android:versionName="1.0.5" >
6
7    <uses-sdk
8        android:minSdkVersion="21"
8-->src/main/AndroidManifest.xml
9        android:targetSdkVersion="33" />
9-->src/main/AndroidManifest.xml
10
11    <uses-permission android:name="android.permission.INTERNET" />
11-->src/main/AndroidManifest.xml:4:5-67
11-->src/main/AndroidManifest.xml:4:22-64
12    <uses-permission android:name="android.permission.CAMERA" />
12-->src/main/AndroidManifest.xml:5:5-65
12-->src/main/AndroidManifest.xml:5:22-62
13    <uses-permission android:name="android.permission.READ_EXTERNAL_STORAGE" />
13-->src/main/AndroidManifest.xml:6:5-80
13-->src/main/AndroidManifest.xml:6:22-77
14    <uses-permission android:name="android.permission.WRITE_EXTERNAL_STORAGE" />
14-->src/main/AndroidManifest.xml:7:5-81
14-->src/main/AndroidManifest.xml:7:22-78
15    <uses-permission android:name="android.permission.ACCESS_NETWORK_STATE" />
15-->[com.google.android.gms:play-services-measurement-api:21.1.1] AndroidManifest.xml:23:5-79
15-->[com.google.android.gms:play-services-measurement-api:21.1.1] AndroidManifest.xml:23:22-76
16    <uses-permission android:name="android.permission.WAKE_LOCK" />
16-->[com.google.android.gms:play-services-measurement-api:21.1.1] AndroidManifest.xml:24:5-68
16-->[com.google.android.gms:play-services-measurement-api:21.1.1] AndroidManifest.xml:24:22-65
17    <uses-permission android:name="com.google.android.gms.permission.AD_ID" /> <!-- Required by older versions of Google Play services to create IID tokens -->
17-->[com.google.android.gms:play-services-measurement-api:21.1.1] AndroidManifest.xml:25:5-79
17-->[com.google.android.gms:play-services-measurement-api:21.1.1] AndroidManifest.xml:25:22-76
18    <uses-permission android:name="com.google.android.c2dm.permission.RECEIVE" />
18-->[com.google.android.gms:play-services-iid:17.0.0] AndroidManifest.xml:23:5-82
18-->[com.google.android.gms:play-services-iid:17.0.0] AndroidManifest.xml:23:22-79
19    <uses-permission android:name="com.google.android.finsky.permission.BIND_GET_INSTALL_REFERRER_SERVICE" />
19-->[com.google.android.gms:play-services-measurement:21.1.1] AndroidManifest.xml:26:5-110
19-->[com.google.android.gms:play-services-measurement:21.1.1] AndroidManifest.xml:26:22-107
20
21    <application
21-->src/main/AndroidManifest.xml:9:5-42:19
22        android:name="com.keep_product.MainApplication"
22-->src/main/AndroidManifest.xml:10:7-38
23        android:allowBackup="false"
23-->src/main/AndroidManifest.xml:14:7-34
24        android:appComponentFactory="androidx.core.app.CoreComponentFactory"
24-->[androidx.core:core:1.6.0] AndroidManifest.xml:24:18-86
25        android:icon="@mipmap/ic_launcher"
25-->src/main/AndroidManifest.xml:12:7-41
26        android:label="@string/app_name"
26-->src/main/AndroidManifest.xml:11:7-39
27        android:networkSecurityConfig="@xml/network_security_config"
27-->src/main/AndroidManifest.xml:16:7-67
28        android:roundIcon="@mipmap/ic_launcher_round"
28-->src/main/AndroidManifest.xml:13:7-52
29        android:theme="@style/AppTheme"
29-->src/main/AndroidManifest.xml:15:7-38
30        android:usesCleartextTraffic="true" >
30-->src/main/AndroidManifest.xml:17:7-42
31
32        <!--
33        <activity
34          android:name=".SplashActivity"
35          android:theme="@style/SplashTheme"
36          android:label="@string/app_name">
37          <intent-filter>
38              <action android:name="android.intent.action.MAIN" />
39              <category android:name="android.intent.category.LAUNCHER" />
40          </intent-filter>
41        </activity>
42        -->
43
44        <activity
44-->src/main/AndroidManifest.xml:29:7-41:18
45            android:name="com.keep_product.MainActivity"
45-->src/main/AndroidManifest.xml:30:9-37
46            android:configChanges="keyboard|keyboardHidden|orientation|screenLayout|screenSize|smallestScreenSize|uiMode"
46-->src/main/AndroidManifest.xml:32:9-118
47            android:exported="true"
47-->src/main/AndroidManifest.xml:35:9-32
48            android:label="@string/app_name"
48-->src/main/AndroidManifest.xml:31:9-41
49            android:launchMode="singleTask"
49-->src/main/AndroidManifest.xml:33:9-40
50            android:windowSoftInputMode="adjustResize" >
50-->src/main/AndroidManifest.xml:34:9-51
51            <intent-filter>
51-->src/main/AndroidManifest.xml:36:9-39:25
52                <action android:name="android.intent.action.MAIN" />
52-->src/main/AndroidManifest.xml:37:13-65
52-->src/main/AndroidManifest.xml:37:21-62
53
54                <category android:name="android.intent.category.LAUNCHER" />
54-->src/main/AndroidManifest.xml:38:13-73
54-->src/main/AndroidManifest.xml:38:23-70
55            </intent-filter>
56        </activity>
57
58        <provider
58-->[:react-native-image-picker] AndroidManifest.xml:10:9-18:20
59            android:name="com.imagepicker.ImagePickerProvider"
59-->[:react-native-image-picker] AndroidManifest.xml:11:13-63
60            android:authorities="com.openended.keep_product.imagepickerprovider"
60-->[:react-native-image-picker] AndroidManifest.xml:12:13-71
61            android:exported="false"
61-->[:react-native-image-picker] AndroidManifest.xml:13:13-37
62            android:grantUriPermissions="true" >
62-->[:react-native-image-picker] AndroidManifest.xml:14:13-47
63            <meta-data
63-->[:react-native-image-picker] AndroidManifest.xml:15:13-17:70
64                android:name="android.support.FILE_PROVIDER_PATHS"
64-->[:react-native-image-picker] AndroidManifest.xml:16:17-67
65                android:resource="@xml/imagepicker_provider_paths" />
65-->[:react-native-image-picker] AndroidManifest.xml:17:17-67
66        </provider>
67
68        <service
68-->[com.google.android.gms:play-services-measurement-api:21.1.1] AndroidManifest.xml:28:9-34:19
69            android:name="com.google.firebase.components.ComponentDiscoveryService"
69-->[com.google.android.gms:play-services-measurement-api:21.1.1] AndroidManifest.xml:29:13-84
70            android:directBootAware="true"
70-->[com.google.firebase:firebase-common:20.1.2] AndroidManifest.xml:35:13-43
71            android:exported="false" >
71-->[com.google.android.gms:play-services-measurement-api:21.1.1] AndroidManifest.xml:30:13-37
72            <meta-data
72-->[com.google.android.gms:play-services-measurement-api:21.1.1] AndroidManifest.xml:31:13-33:85
73                android:name="com.google.firebase.components:com.google.firebase.analytics.connector.internal.AnalyticsConnectorRegistrar"
73-->[com.google.android.gms:play-services-measurement-api:21.1.1] AndroidManifest.xml:32:17-139
74                android:value="com.google.firebase.components.ComponentRegistrar" />
74-->[com.google.android.gms:play-services-measurement-api:21.1.1] AndroidManifest.xml:33:17-82
75            <meta-data
75-->[com.google.firebase:firebase-installations:17.0.2] AndroidManifest.xml:18:13-20:85
76                android:name="com.google.firebase.components:com.google.firebase.installations.FirebaseInstallationsRegistrar"
76-->[com.google.firebase:firebase-installations:17.0.2] AndroidManifest.xml:19:17-127
77                android:value="com.google.firebase.components.ComponentRegistrar" />
77-->[com.google.firebase:firebase-installations:17.0.2] AndroidManifest.xml:20:17-82
78        </service>
79
80        <provider
80-->[com.google.firebase:firebase-common:20.1.2] AndroidManifest.xml:26:9-31:39
81            android:name="com.google.firebase.provider.FirebaseInitProvider"
81-->[com.google.firebase:firebase-common:20.1.2] AndroidManifest.xml:27:13-77
82            android:authorities="com.openended.keep_product.firebaseinitprovider"
82-->[com.google.firebase:firebase-common:20.1.2] AndroidManifest.xml:28:13-72
83            android:directBootAware="true"
83-->[com.google.firebase:firebase-common:20.1.2] AndroidManifest.xml:29:13-43
84            android:exported="false"
84-->[com.google.firebase:firebase-common:20.1.2] AndroidManifest.xml:30:13-37
85            android:initOrder="100" />
85-->[com.google.firebase:firebase-common:20.1.2] AndroidManifest.xml:31:13-36
86
87        <meta-data
87-->[com.github.bumptech.glide:okhttp3-integration:4.12.0] AndroidManifest.xml:11:9-13:43
88            android:name="com.bumptech.glide.integration.okhttp3.OkHttpGlideModule"
88-->[com.github.bumptech.glide:okhttp3-integration:4.12.0] AndroidManifest.xml:12:13-84
89            android:value="GlideModule" />
89-->[com.github.bumptech.glide:okhttp3-integration:4.12.0] AndroidManifest.xml:13:13-40
90
91        <activity
91-->[com.google.android.gms:play-services-base:17.0.0] AndroidManifest.xml:23:9-26:75
92            android:name="com.google.android.gms.common.api.GoogleApiActivity"
92-->[com.google.android.gms:play-services-base:17.0.0] AndroidManifest.xml:24:13-79
93            android:exported="false"
93-->[com.google.android.gms:play-services-base:17.0.0] AndroidManifest.xml:25:13-37
94            android:theme="@android:style/Theme.Translucent.NoTitleBar" />
94-->[com.google.android.gms:play-services-base:17.0.0] AndroidManifest.xml:26:13-72
95
96        <receiver
96-->[com.google.android.gms:play-services-measurement:21.1.1] AndroidManifest.xml:29:9-33:20
97            android:name="com.google.android.gms.measurement.AppMeasurementReceiver"
97-->[com.google.android.gms:play-services-measurement:21.1.1] AndroidManifest.xml:30:13-85
98            android:enabled="true"
98-->[com.google.android.gms:play-services-measurement:21.1.1] AndroidManifest.xml:31:13-35
99            android:exported="false" >
99-->[com.google.android.gms:play-services-measurement:21.1.1] AndroidManifest.xml:32:13-37
100        </receiver>
101
102        <service
102-->[com.google.android.gms:play-services-measurement:21.1.1] AndroidManifest.xml:35:9-38:40
103            android:name="com.google.android.gms.measurement.AppMeasurementService"
103-->[com.google.android.gms:play-services-measurement:21.1.1] AndroidManifest.xml:36:13-84
104            android:enabled="true"
104-->[com.google.android.gms:play-services-measurement:21.1.1] AndroidManifest.xml:37:13-35
105            android:exported="false" />
105-->[com.google.android.gms:play-services-measurement:21.1.1] AndroidManifest.xml:38:13-37
106        <service
106-->[com.google.android.gms:play-services-measurement:21.1.1] AndroidManifest.xml:39:9-43:72
107            android:name="com.google.android.gms.measurement.AppMeasurementJobService"
107-->[com.google.android.gms:play-services-measurement:21.1.1] AndroidManifest.xml:40:13-87
108            android:enabled="true"
108-->[com.google.android.gms:play-services-measurement:21.1.1] AndroidManifest.xml:41:13-35
109            android:exported="false"
109-->[com.google.android.gms:play-services-measurement:21.1.1] AndroidManifest.xml:42:13-37
110            android:permission="android.permission.BIND_JOB_SERVICE" />
110-->[com.google.android.gms:play-services-measurement:21.1.1] AndroidManifest.xml:43:13-69
111
112        <meta-data
112-->[com.google.android.gms:play-services-basement:18.1.0] AndroidManifest.xml:21:9-23:69
113            android:name="com.google.android.gms.version"
113-->[com.google.android.gms:play-services-basement:18.1.0] AndroidManifest.xml:22:13-58
114            android:value="@integer/google_play_services_version" />
114-->[com.google.android.gms:play-services-basement:18.1.0] AndroidManifest.xml:23:13-66
115    </application>
116
117</manifest>